<?xml version="1.0" encoding="UTF-8"?>
<!-- Generated by org.testng.reporters.JUnitReportReporter -->
<testsuite hostname="vandana" failures="0" tests="3" name="testNgPractice.DemonstrationForPriorty" time="0.031" errors="0" timestamp="2023-11-08T18:29:30 IST" skipped="0">
  <testcase classname="testNgPractice.DemonstrationForPriorty" name="home" time="0.011"/>
  <system-out/>
  <testcase classname="testNgPractice.DemonstrationForPriorty" name="logout" time="0.009"/>
  <system-out/>
  <testcase classname="testNgPractice.DemonstrationForPriorty" name="login" time="0.011"/>
  <system-out/>
</testsuite> <!-- testNgPractice.DemonstrationForPriorty -->
