<?xml version="1.0" encoding="UTF-8"?>
<!-- Generated by org.testng.reporters.JUnitReportReporter -->
<testsuite hostname="vandana" failures="0" tests="5" name="testNgPractice.DemostrationForInvocationCount" time="0.027" errors="0" timestamp="2023-11-09T09:23:33 IST" skipped="0">
  <testcase classname="testNgPractice.DemostrationForInvocationCount" name="login" time="0.005"/>
  <system-out/>
  <testcase classname="testNgPractice.DemostrationForInvocationCount" name="login" time="0.012"/>
  <system-out/>
  <testcase classname="testNgPractice.DemostrationForInvocationCount" name="login" time="0.003"/>
  <system-out/>
  <testcase classname="testNgPractice.DemostrationForInvocationCount" name="login" time="0.003"/>
  <system-out/>
  <testcase classname="testNgPractice.DemostrationForInvocationCount" name="login" time="0.004"/>
  <system-out/>
</testsuite> <!-- testNgPractice.DemostrationForInvocationCount -->
