<?xml version="1.0" encoding="UTF-8"?>
<!-- Generated by org.testng.reporters.JUnitReportReporter -->
<testsuite hostname="vandana" failures="0" tests="1" name="selenium.Sam" time="0.015" errors="0" timestamp="2023-11-08T09:26:26 IST" skipped="0">
  <testcase classname="selenium.Sam" name="demo" time="0.015"/>
  <system-out/>
</testsuite> <!-- selenium.Sam -->
