<?xml version="1.0" encoding="UTF-8"?>
<!-- Generated by org.testng.reporters.JUnitReportReporter -->
<testsuite hostname="vandana" failures="0" tests="2" name="testNgPractice.ConfigurationAnnotations" time="0.035" errors="0" timestamp="2023-11-13T09:21:03 IST" skipped="0">
  <testcase classname="testNgPractice.ConfigurationAnnotations" name="suite" time="0.006"/>
  <system-out/>
  <testcase classname="testNgPractice.ConfigurationAnnotations" name="method" time="0.029"/>
  <system-out/>
</testsuite> <!-- testNgPractice.ConfigurationAnnotations -->
