<?xml version="1.0" encoding="UTF-8"?>
<!-- Generated by org.testng.reporters.JUnitReportReporter -->
<testsuite hostname="vandana" failures="0" tests="5" name="testNgPractice.InvocationCountThreadPoolSize" time="94.312" errors="0" timestamp="2023-11-09T09:38:11 IST" skipped="0">
  <testcase classname="testNgPractice.InvocationCountThreadPoolSize" name="login" time="18.704"/>
  <system-out/>
  <testcase classname="testNgPractice.InvocationCountThreadPoolSize" name="login" time="18.844"/>
  <system-out/>
  <testcase classname="testNgPractice.InvocationCountThreadPoolSize" name="login" time="18.982"/>
  <system-out/>
  <testcase classname="testNgPractice.InvocationCountThreadPoolSize" name="login" time="18.876"/>
  <system-out/>
  <testcase classname="testNgPractice.InvocationCountThreadPoolSize" name="login" time="18.906"/>
  <system-out/>
</testsuite> <!-- testNgPractice.InvocationCountThreadPoolSize -->
