<?xml version="1.0" encoding="UTF-8"?>
<!-- Generated by org.testng.reporters.JUnitReportReporter -->
<testsuite hostname="vandana" failures="0" tests="1" name="testNgExecution.TC_1" time="37.189" errors="0" timestamp="2023-11-10T09:48:23 IST" skipped="0">
  <testcase classname="testNgExecution.TC_1" name="navigatingToamazon" time="37.189"/>
  <system-out/>
</testsuite> <!-- testNgExecution.TC_1 -->
