<?xml version="1.0" encoding="UTF-8"?>
<!-- Generated by org.testng.reporters.JUnitReportReporter -->
<testsuite hostname="vandana" failures="0" tests="3" name="testNgPractice.DisableTheTestCase" time="0.013" errors="0" timestamp="2023-11-09T09:45:25 IST" skipped="1">
  <testcase classname="testNgPractice.DisableTheTestCase" name="home" time="0.010"/>
  <system-out/>
  <testcase classname="testNgPractice.DisableTheTestCase" name="login" time="0.003"/>
  <system-out/>
  <testcase classname="testNgPractice.DisableTheTestCase" name="logout">
    <skipped/>
  </testcase> <!-- logout -->
  <system-out/>
</testsuite> <!-- testNgPractice.DisableTheTestCase -->
