<?xml version="1.0" encoding="UTF-8"?>
<!-- Generated by org.testng.reporters.JUnitReportReporter -->
<testsuite hostname="vandana" failures="0" tests="1" name="testNgPractice.GeneratingReports" time="6.386" errors="0" timestamp="2023-11-11T10:18:10 IST" skipped="0">
  <testcase classname="testNgPractice.GeneratingReports" name="testcase" time="6.386"/>
  <system-out>
    <![CDATA[browser is launched
window is maximized
navigated to application
browser is closed]]>
  </system-out>
</testsuite> <!-- testNgPractice.GeneratingReports -->
