<?xml version="1.0" encoding="UTF-8"?>
<!-- Generated by org.testng.reporters.JUnitReportReporter -->
<testsuite hostname="vandana" failures="0" tests="3" name="testNgPractice.DemonstrationForDependsOnMethods" time="0.017" errors="0" timestamp="2023-11-09T09:20:32 IST" skipped="0">
  <testcase classname="testNgPractice.DemonstrationForDependsOnMethods" name="login" time="0.013"/>
  <system-out/>
  <testcase classname="testNgPractice.DemonstrationForDependsOnMethods" name="home" time="0.003"/>
  <system-out/>
  <testcase classname="testNgPractice.DemonstrationForDependsOnMethods" name="logout" time="0.001"/>
  <system-out/>
</testsuite> <!-- testNgPractice.DemonstrationForDependsOnMethods -->
